<?xml version="1.0" encoding="UTF-8"?>
<!-- Generated by org.testng.reporters.JUnitReportReporter -->
<testsuite skipped="0" hostname="LAPTOP-GULOPTL6" name="com.googlemap.First" tests="5" failures="0" timestamp="2022-07-24T17:13:08 IST" time="49.399" errors="0">
  <testcase name="verifyText" time="16.128" classname="com.googlemap.First"/>
  <system-out/>
  <testcase name="verifyTitle" time="10.017" classname="com.googlemap.First"/>
  <system-out/>
  <testcase name="verifyLink" time="11.143" classname="com.googlemap.First"/>
  <system-out/>
  <testcase name="verifyPhoneNumber" time="12.066" classname="com.googlemap.First"/>
  <system-out/>
  <testcase name="printView" time="0.045" classname="com.googlemap.First"/>
  <system-out/>
</testsuite> <!-- com.googlemap.First -->
