<?xml version="1.0" encoding="UTF-8"?>
<!-- Generated by org.testng.reporters.JUnitReportReporter -->
<testsuite skipped="0" hostname="LAPTOP-GULOPTL6" name="com.googlemap.Second" tests="1" failures="0" timestamp="2022-07-24T23:22:55 IST" time="56.993" errors="0">
  <testcase name="launchUrl" time="56.993" classname="com.googlemap.Second"/>
  <system-out/>
</testsuite> <!-- com.googlemap.Second -->
